<?xml version="1.0" encoding="UTF-8"?>
<!-- Generated by org.testng.reporters.JUnitReportReporter -->
<testsuite hostname="V516238" name="com.main.NewTest" tests="2" failures="0" timestamp="20 Nov 2014 10:33:29 GMT" time="0.007" errors="0">
  <testcase name="homepage" time="0.001" classname="com.main.NewTest"/>
  <testcase name="homepage" time="0.006" classname="com.main.NewTest"/>
</testsuite> <!-- com.main.NewTest -->
