<?xml version="1.0" encoding="UTF-8"?>
<!-- Generated by org.testng.reporters.JUnitReportReporter -->
<testsuite hostname="pragati-PC" name="com.main.NewTest" tests="2" failures="0" timestamp="18 Nov 2014 20:08:40 GMT" time="0.005" errors="0">
  <testcase name="f" time="0.000" classname="com.main.NewTest"/>
  <testcase name="f" time="0.005" classname="com.main.NewTest"/>
</testsuite> <!-- com.main.NewTest -->
