<?xml version="1.0" encoding="UTF-8"?>
<!-- Generated by org.testng.reporters.JUnitReportReporter -->
<testsuite hostname="pragati-PC" name="com.com.main.NewTest" tests="3" failures="0" timestamp="18 Nov 2014 17:53:18 GMT" time="0.024" errors="0">
  <testcase name="f2" time="0.000" classname="com.com.main.NewTest"/>
  <testcase name="f3" time="0.001" classname="com.com.main.NewTest"/>
  <testcase name="f1" time="0.023" classname="com.com.main.NewTest"/>
</testsuite> <!-- com.com.main.NewTest -->
