<?xml version="1.0" encoding="UTF-8"?>
<!-- Generated by org.testng.reporters.JUnitReportReporter -->
<testsuite hostname="pragati-PC" name="com.main.NewTest" tests="1" failures="0" timestamp="19 Nov 2014 20:37:12 GMT" time="0.004" errors="0">
  <testcase name="homepage" time="0.004" classname="com.main.NewTest"/>
</testsuite> <!-- com.main.NewTest -->
