<?xml version="1.0" encoding="UTF-8"?>
<!-- Generated by org.testng.reporters.JUnitReportReporter -->
<testsuite hostname="INDV004282" name="com.main.NewTest" tests="1" failures="0" timestamp="21 Aug 2015 05:52:41 GMT" time="15.157" errors="0">
  <testcase name="homepage" time="15.157" classname="com.main.NewTest"/>
</testsuite> <!-- com.main.NewTest -->
