<?xml version="1.0" encoding="UTF-8"?>
<!-- Generated by org.testng.reporters.JUnitReportReporter -->
<testsuite hostname="pragati-PC" name="com.main.NewTest" tests="1" failures="0" timestamp="20 Nov 2014 20:27:30 GMT" time="2.231" errors="0">
  <testcase name="homepage" time="2.231" classname="com.main.NewTest"/>
</testsuite> <!-- com.main.NewTest -->
